2025-08-20 08:47:49 |     INFO |             __init__: 293 | SYSTEM_STARTUP: Enhanced Gold Scalper Bot initialized
2025-08-20 08:47:49 |     INFO |     run_scalping_bot: 494 | BOT_STARTUP: Starting enhanced scalping bot
2025-08-20 08:47:49 |     INFO |          connect_mt5: 451 | MT5_CONNECTION_ATTEMPT: Connecting to C:\Program Files\MetaTrader 5\terminal64.exe
2025-08-20 08:47:49 |     INFO |          connect_mt5: 463 | MT5_CONNECTION_SUCCESS: Connected in 0.004s
2025-08-20 08:47:49 |     INFO |          connect_mt5: 471 | MT5_ACCOUNT_INFO: Account 10007320362, Balance: $3000.00, Equity: $3000.00
2025-08-20 08:47:49 |     INFO | update_config_from_web: 360 | CONFIG_UPDATE: Configuration updated from web interface
2025-08-20 08:47:49 |    DEBUG |  performance_monitor: 510 | PERF_UPDATE: 0 trades, $0.00 profit
2025-08-20 08:47:49 |     INFO |     run_scalping_bot: 528 | BOT_RUNNING: Main trading loop started
2025-08-20 08:48:19 |     INFO | update_config_from_web: 360 | CONFIG_UPDATE: Configuration updated from web interface
2025-08-20 08:48:19 |    DEBUG |  performance_monitor: 510 | PERF_UPDATE: 0 trades, $0.00 profit
2025-08-20 08:48:49 |     INFO | update_config_from_web: 360 | CONFIG_UPDATE: Configuration updated from web interface
2025-08-20 08:48:49 |    DEBUG |  performance_monitor: 510 | PERF_UPDATE: 0 trades, $0.00 profit
2025-08-20 08:49:19 |     INFO | update_config_from_web: 360 | CONFIG_UPDATE: Configuration updated from web interface
2025-08-20 08:49:19 |    DEBUG |  performance_monitor: 510 | PERF_UPDATE: 0 trades, $0.00 profit
2025-08-20 08:49:49 |     INFO | update_config_from_web: 360 | CONFIG_UPDATE: Configuration updated from web interface
2025-08-20 08:49:49 |    DEBUG |  performance_monitor: 510 | PERF_UPDATE: 0 trades, $0.00 profit
2025-08-20 08:50:19 |     INFO | update_config_from_web: 360 | CONFIG_UPDATE: Configuration updated from web interface
2025-08-20 08:50:19 |    DEBUG |  performance_monitor: 510 | PERF_UPDATE: 0 trades, $0.00 profit
2025-08-20 08:50:49 |     INFO | update_config_from_web: 360 | CONFIG_UPDATE: Configuration updated from web interface
2025-08-20 08:50:49 |    DEBUG |  performance_monitor: 510 | PERF_UPDATE: 0 trades, $0.00 profit
2025-08-20 08:51:19 |     INFO | update_config_from_web: 360 | CONFIG_UPDATE: Configuration updated from web interface
2025-08-20 08:51:19 |    DEBUG |  performance_monitor: 510 | PERF_UPDATE: 0 trades, $0.00 profit
2025-08-20 08:51:49 |     INFO | update_config_from_web: 360 | CONFIG_UPDATE: Configuration updated from web interface
2025-08-20 08:51:49 |    DEBUG |  performance_monitor: 510 | PERF_UPDATE: 0 trades, $0.00 profit
2025-08-20 08:52:19 |     INFO | update_config_from_web: 360 | CONFIG_UPDATE: Configuration updated from web interface
2025-08-20 08:52:19 |    DEBUG |  performance_monitor: 510 | PERF_UPDATE: 0 trades, $0.00 profit
2025-08-20 08:52:49 |     INFO | update_config_from_web: 360 | CONFIG_UPDATE: Configuration updated from web interface
2025-08-20 08:52:49 |    DEBUG |  performance_monitor: 510 | PERF_UPDATE: 0 trades, $0.00 profit
2025-08-20 08:53:19 |     INFO | update_config_from_web: 360 | CONFIG_UPDATE: Configuration updated from web interface
2025-08-20 08:53:19 |    DEBUG |  performance_monitor: 510 | PERF_UPDATE: 0 trades, $0.00 profit
2025-08-20 08:53:49 |     INFO | update_config_from_web: 360 | CONFIG_UPDATE: Configuration updated from web interface
2025-08-20 08:53:49 |    DEBUG |  performance_monitor: 510 | PERF_UPDATE: 0 trades, $0.00 profit
2025-08-20 08:54:19 |     INFO | update_config_from_web: 360 | CONFIG_UPDATE: Configuration updated from web interface
2025-08-20 08:54:19 |    DEBUG |  performance_monitor: 510 | PERF_UPDATE: 0 trades, $0.00 profit
2025-08-20 08:54:49 |     INFO | update_config_from_web: 360 | CONFIG_UPDATE: Configuration updated from web interface
2025-08-20 08:54:49 |    DEBUG |  performance_monitor: 510 | PERF_UPDATE: 0 trades, $0.00 profit
2025-08-20 08:55:19 |     INFO | update_config_from_web: 360 | CONFIG_UPDATE: Configuration updated from web interface
2025-08-20 08:55:19 |    DEBUG |  performance_monitor: 510 | PERF_UPDATE: 0 trades, $0.00 profit
2025-08-20 08:55:49 |     INFO | update_config_from_web: 360 | CONFIG_UPDATE: Configuration updated from web interface
2025-08-20 08:55:49 |    DEBUG |  performance_monitor: 510 | PERF_UPDATE: 0 trades, $0.00 profit
2025-08-20 08:56:19 |     INFO | update_config_from_web: 360 | CONFIG_UPDATE: Configuration updated from web interface
2025-08-20 08:56:19 |    DEBUG |  performance_monitor: 510 | PERF_UPDATE: 0 trades, $0.00 profit
2025-08-20 08:56:49 |     INFO | update_config_from_web: 360 | CONFIG_UPDATE: Configuration updated from web interface
2025-08-20 08:56:49 |    DEBUG |  performance_monitor: 510 | PERF_UPDATE: 0 trades, $0.00 profit
2025-08-20 08:57:19 |     INFO | update_config_from_web: 360 | CONFIG_UPDATE: Configuration updated from web interface
2025-08-20 08:57:19 |    DEBUG |  performance_monitor: 510 | PERF_UPDATE: 0 trades, $0.00 profit
2025-08-20 08:57:49 |     INFO | update_config_from_web: 360 | CONFIG_UPDATE: Configuration updated from web interface
2025-08-20 08:57:49 |    DEBUG |  performance_monitor: 510 | PERF_UPDATE: 0 trades, $0.00 profit
2025-08-20 08:58:19 |     INFO | update_config_from_web: 360 | CONFIG_UPDATE: Configuration updated from web interface
2025-08-20 08:58:19 |    DEBUG |  performance_monitor: 510 | PERF_UPDATE: 0 trades, $0.00 profit
2025-08-20 08:58:49 |     INFO | update_config_from_web: 360 | CONFIG_UPDATE: Configuration updated from web interface
2025-08-20 08:58:49 |    DEBUG |  performance_monitor: 510 | PERF_UPDATE: 0 trades, $0.00 profit
2025-08-20 08:59:19 |     INFO | update_config_from_web: 360 | CONFIG_UPDATE: Configuration updated from web interface
2025-08-20 08:59:19 |    DEBUG |  performance_monitor: 510 | PERF_UPDATE: 0 trades, $0.00 profit
2025-08-20 08:59:49 |     INFO | update_config_from_web: 360 | CONFIG_UPDATE: Configuration updated from web interface
2025-08-20 08:59:49 |    DEBUG |  performance_monitor: 510 | PERF_UPDATE: 0 trades, $0.00 profit
2025-08-20 09:00:19 |     INFO | update_config_from_web: 360 | CONFIG_UPDATE: Configuration updated from web interface
2025-08-20 09:00:19 |    DEBUG |  performance_monitor: 510 | PERF_UPDATE: 0 trades, $0.00 profit
2025-08-20 09:00:49 |     INFO | update_config_from_web: 360 | CONFIG_UPDATE: Configuration updated from web interface
2025-08-20 09:00:49 |    DEBUG |  performance_monitor: 510 | PERF_UPDATE: 0 trades, $0.00 profit
2025-08-20 09:01:19 |     INFO | update_config_from_web: 360 | CONFIG_UPDATE: Configuration updated from web interface
2025-08-20 09:01:19 |    DEBUG |  performance_monitor: 510 | PERF_UPDATE: 0 trades, $0.00 profit
2025-08-20 09:01:49 |     INFO | update_config_from_web: 360 | CONFIG_UPDATE: Configuration updated from web interface
2025-08-20 09:01:49 |    DEBUG |  performance_monitor: 510 | PERF_UPDATE: 0 trades, $0.00 profit
2025-08-20 09:02:19 |     INFO | update_config_from_web: 360 | CONFIG_UPDATE: Configuration updated from web interface
2025-08-20 09:02:19 |    DEBUG |  performance_monitor: 510 | PERF_UPDATE: 0 trades, $0.00 profit
2025-08-20 09:02:49 |     INFO | update_config_from_web: 360 | CONFIG_UPDATE: Configuration updated from web interface
2025-08-20 09:02:49 |    DEBUG |  performance_monitor: 510 | PERF_UPDATE: 0 trades, $0.00 profit
2025-08-20 09:03:19 |     INFO | update_config_from_web: 360 | CONFIG_UPDATE: Configuration updated from web interface
2025-08-20 09:03:19 |    DEBUG |  performance_monitor: 510 | PERF_UPDATE: 0 trades, $0.00 profit
2025-08-20 09:03:49 |     INFO | update_config_from_web: 360 | CONFIG_UPDATE: Configuration updated from web interface
2025-08-20 09:03:49 |    DEBUG |  performance_monitor: 510 | PERF_UPDATE: 0 trades, $0.00 profit
2025-08-20 09:04:19 |     INFO | update_config_from_web: 360 | CONFIG_UPDATE: Configuration updated from web interface
2025-08-20 09:04:19 |    DEBUG |  performance_monitor: 510 | PERF_UPDATE: 0 trades, $0.00 profit
2025-08-20 09:04:49 |     INFO | update_config_from_web: 360 | CONFIG_UPDATE: Configuration updated from web interface
2025-08-20 09:04:49 |    DEBUG |  performance_monitor: 510 | PERF_UPDATE: 0 trades, $0.00 profit
2025-08-20 09:05:19 |     INFO | update_config_from_web: 360 | CONFIG_UPDATE: Configuration updated from web interface
2025-08-20 09:05:19 |    DEBUG |  performance_monitor: 510 | PERF_UPDATE: 0 trades, $0.00 profit
2025-08-20 09:05:49 |     INFO | update_config_from_web: 360 | CONFIG_UPDATE: Configuration updated from web interface
2025-08-20 09:05:49 |    DEBUG |  performance_monitor: 510 | PERF_UPDATE: 0 trades, $0.00 profit
2025-08-20 09:06:19 |     INFO | update_config_from_web: 360 | CONFIG_UPDATE: Configuration updated from web interface
2025-08-20 09:06:19 |    DEBUG |  performance_monitor: 510 | PERF_UPDATE: 0 trades, $0.00 profit
2025-08-20 09:06:49 |     INFO | update_config_from_web: 360 | CONFIG_UPDATE: Configuration updated from web interface
2025-08-20 09:06:49 |    DEBUG |  performance_monitor: 510 | PERF_UPDATE: 0 trades, $0.00 profit
2025-08-20 09:07:19 |     INFO | update_config_from_web: 360 | CONFIG_UPDATE: Configuration updated from web interface
2025-08-20 09:07:19 |    DEBUG |  performance_monitor: 510 | PERF_UPDATE: 0 trades, $0.00 profit
2025-08-20 09:07:49 |     INFO | update_config_from_web: 360 | CONFIG_UPDATE: Configuration updated from web interface
2025-08-20 09:07:49 |    DEBUG |  performance_monitor: 510 | PERF_UPDATE: 0 trades, $0.00 profit
2025-08-20 09:08:19 |     INFO | update_config_from_web: 360 | CONFIG_UPDATE: Configuration updated from web interface
2025-08-20 09:08:19 |    DEBUG |  performance_monitor: 510 | PERF_UPDATE: 0 trades, $0.00 profit
2025-08-20 09:08:49 |     INFO | update_config_from_web: 360 | CONFIG_UPDATE: Configuration updated from web interface
2025-08-20 09:08:49 |    DEBUG |  performance_monitor: 510 | PERF_UPDATE: 0 trades, $0.00 profit
2025-08-20 09:09:19 |     INFO | update_config_from_web: 360 | CONFIG_UPDATE: Configuration updated from web interface
2025-08-20 09:09:19 |    DEBUG |  performance_monitor: 510 | PERF_UPDATE: 0 trades, $0.00 profit
2025-08-20 09:09:49 |     INFO | update_config_from_web: 360 | CONFIG_UPDATE: Configuration updated from web interface
2025-08-20 09:09:49 |    DEBUG |  performance_monitor: 510 | PERF_UPDATE: 0 trades, $0.00 profit
2025-08-20 09:10:19 |     INFO | update_config_from_web: 360 | CONFIG_UPDATE: Configuration updated from web interface
2025-08-20 09:10:19 |    DEBUG |  performance_monitor: 510 | PERF_UPDATE: 0 trades, $0.00 profit
2025-08-20 09:10:49 |     INFO | update_config_from_web: 360 | CONFIG_UPDATE: Configuration updated from web interface
2025-08-20 09:10:49 |    DEBUG |  performance_monitor: 510 | PERF_UPDATE: 0 trades, $0.00 profit
2025-08-20 09:11:19 |     INFO | update_config_from_web: 360 | CONFIG_UPDATE: Configuration updated from web interface
2025-08-20 09:11:19 |    DEBUG |  performance_monitor: 510 | PERF_UPDATE: 0 trades, $0.00 profit
2025-08-20 09:11:49 |     INFO | update_config_from_web: 360 | CONFIG_UPDATE: Configuration updated from web interface
2025-08-20 09:11:49 |    DEBUG |  performance_monitor: 510 | PERF_UPDATE: 0 trades, $0.00 profit
2025-08-20 09:12:19 |     INFO | update_config_from_web: 360 | CONFIG_UPDATE: Configuration updated from web interface
2025-08-20 09:12:19 |    DEBUG |  performance_monitor: 510 | PERF_UPDATE: 0 trades, $0.00 profit
2025-08-20 09:12:49 |     INFO | update_config_from_web: 360 | CONFIG_UPDATE: Configuration updated from web interface
2025-08-20 09:12:49 |    DEBUG |  performance_monitor: 510 | PERF_UPDATE: 0 trades, $0.00 profit
2025-08-20 09:13:19 |     INFO | update_config_from_web: 360 | CONFIG_UPDATE: Configuration updated from web interface
2025-08-20 09:13:19 |    DEBUG |  performance_monitor: 510 | PERF_UPDATE: 0 trades, $0.00 profit
2025-08-20 09:13:49 |     INFO | update_config_from_web: 360 | CONFIG_UPDATE: Configuration updated from web interface
2025-08-20 09:13:49 |    DEBUG |  performance_monitor: 510 | PERF_UPDATE: 0 trades, $0.00 profit
2025-08-20 09:14:19 |     INFO | update_config_from_web: 360 | CONFIG_UPDATE: Configuration updated from web interface
2025-08-20 09:14:19 |    DEBUG |  performance_monitor: 510 | PERF_UPDATE: 0 trades, $0.00 profit
2025-08-20 09:14:50 |     INFO | update_config_from_web: 360 | CONFIG_UPDATE: Configuration updated from web interface
2025-08-20 09:14:50 |    DEBUG |  performance_monitor: 510 | PERF_UPDATE: 0 trades, $0.00 profit
2025-08-20 09:15:20 |     INFO | update_config_from_web: 360 | CONFIG_UPDATE: Configuration updated from web interface
2025-08-20 09:15:20 |    DEBUG |  performance_monitor: 510 | PERF_UPDATE: 0 trades, $0.00 profit
2025-08-20 09:15:50 |     INFO | update_config_from_web: 360 | CONFIG_UPDATE: Configuration updated from web interface
2025-08-20 09:15:50 |    DEBUG |  performance_monitor: 510 | PERF_UPDATE: 0 trades, $0.00 profit
2025-08-20 09:16:20 |     INFO | update_config_from_web: 360 | CONFIG_UPDATE: Configuration updated from web interface
2025-08-20 09:16:20 |    DEBUG |  performance_monitor: 510 | PERF_UPDATE: 0 trades, $0.00 profit
2025-08-20 09:16:50 |     INFO | update_config_from_web: 360 | CONFIG_UPDATE: Configuration updated from web interface
2025-08-20 09:16:50 |    DEBUG |  performance_monitor: 510 | PERF_UPDATE: 0 trades, $0.00 profit
2025-08-20 09:17:20 |     INFO | update_config_from_web: 360 | CONFIG_UPDATE: Configuration updated from web interface
2025-08-20 09:17:20 |    DEBUG |  performance_monitor: 510 | PERF_UPDATE: 0 trades, $0.00 profit
2025-08-20 09:17:50 |     INFO | update_config_from_web: 360 | CONFIG_UPDATE: Configuration updated from web interface
2025-08-20 09:17:50 |    DEBUG |  performance_monitor: 510 | PERF_UPDATE: 0 trades, $0.00 profit
2025-08-20 09:18:20 |     INFO | update_config_from_web: 360 | CONFIG_UPDATE: Configuration updated from web interface
2025-08-20 09:18:20 |    DEBUG |  performance_monitor: 510 | PERF_UPDATE: 0 trades, $0.00 profit
2025-08-20 09:18:50 |     INFO | update_config_from_web: 360 | CONFIG_UPDATE: Configuration updated from web interface
2025-08-20 09:18:50 |    DEBUG |  performance_monitor: 510 | PERF_UPDATE: 0 trades, $0.00 profit
2025-08-20 09:19:20 |     INFO | update_config_from_web: 360 | CONFIG_UPDATE: Configuration updated from web interface
2025-08-20 09:19:20 |    DEBUG |  performance_monitor: 510 | PERF_UPDATE: 0 trades, $0.00 profit
2025-08-20 09:19:50 |     INFO | update_config_from_web: 360 | CONFIG_UPDATE: Configuration updated from web interface
2025-08-20 09:19:50 |    DEBUG |  performance_monitor: 510 | PERF_UPDATE: 0 trades, $0.00 profit
2025-08-20 09:20:20 |     INFO | update_config_from_web: 360 | CONFIG_UPDATE: Configuration updated from web interface
2025-08-20 09:20:20 |    DEBUG |  performance_monitor: 510 | PERF_UPDATE: 0 trades, $0.00 profit
2025-08-20 09:20:50 |     INFO | update_config_from_web: 360 | CONFIG_UPDATE: Configuration updated from web interface
2025-08-20 09:20:50 |    DEBUG |  performance_monitor: 510 | PERF_UPDATE: 0 trades, $0.00 profit
2025-08-20 09:21:20 |     INFO | update_config_from_web: 360 | CONFIG_UPDATE: Configuration updated from web interface
2025-08-20 09:21:20 |    DEBUG |  performance_monitor: 510 | PERF_UPDATE: 0 trades, $0.00 profit
2025-08-20 09:21:50 |     INFO | update_config_from_web: 360 | CONFIG_UPDATE: Configuration updated from web interface
2025-08-20 09:21:50 |    DEBUG |  performance_monitor: 510 | PERF_UPDATE: 0 trades, $0.00 profit
2025-08-20 09:22:20 |     INFO | update_config_from_web: 360 | CONFIG_UPDATE: Configuration updated from web interface
2025-08-20 09:22:20 |    DEBUG |  performance_monitor: 510 | PERF_UPDATE: 0 trades, $0.00 profit
2025-08-20 09:22:50 |     INFO | update_config_from_web: 360 | CONFIG_UPDATE: Configuration updated from web interface
2025-08-20 09:22:50 |    DEBUG |  performance_monitor: 510 | PERF_UPDATE: 0 trades, $0.00 profit
2025-08-20 09:23:20 |     INFO | update_config_from_web: 360 | CONFIG_UPDATE: Configuration updated from web interface
2025-08-20 09:23:20 |    DEBUG |  performance_monitor: 510 | PERF_UPDATE: 0 trades, $0.00 profit
2025-08-20 09:23:50 |     INFO | update_config_from_web: 360 | CONFIG_UPDATE: Configuration updated from web interface
2025-08-20 09:23:50 |    DEBUG |  performance_monitor: 510 | PERF_UPDATE: 0 trades, $0.00 profit
2025-08-20 09:24:20 |     INFO | update_config_from_web: 360 | CONFIG_UPDATE: Configuration updated from web interface
2025-08-20 09:24:20 |    DEBUG |  performance_monitor: 510 | PERF_UPDATE: 0 trades, $0.00 profit
2025-08-20 09:24:50 |     INFO | update_config_from_web: 360 | CONFIG_UPDATE: Configuration updated from web interface
2025-08-20 09:24:50 |    DEBUG |  performance_monitor: 510 | PERF_UPDATE: 0 trades, $0.00 profit
2025-08-20 09:25:20 |     INFO | update_config_from_web: 360 | CONFIG_UPDATE: Configuration updated from web interface
2025-08-20 09:25:20 |    DEBUG |  performance_monitor: 510 | PERF_UPDATE: 0 trades, $0.00 profit
2025-08-20 09:25:50 |     INFO | update_config_from_web: 360 | CONFIG_UPDATE: Configuration updated from web interface
2025-08-20 09:25:50 |    DEBUG |  performance_monitor: 510 | PERF_UPDATE: 0 trades, $0.00 profit
2025-08-20 09:26:20 |     INFO | update_config_from_web: 360 | CONFIG_UPDATE: Configuration updated from web interface
2025-08-20 09:26:20 |    DEBUG |  performance_monitor: 510 | PERF_UPDATE: 0 trades, $0.00 profit
2025-08-20 09:26:50 |     INFO | update_config_from_web: 360 | CONFIG_UPDATE: Configuration updated from web interface
2025-08-20 09:26:50 |    DEBUG |  performance_monitor: 510 | PERF_UPDATE: 0 trades, $0.00 profit
2025-08-20 09:27:20 |     INFO | update_config_from_web: 360 | CONFIG_UPDATE: Configuration updated from web interface
2025-08-20 09:27:20 |    DEBUG |  performance_monitor: 510 | PERF_UPDATE: 0 trades, $0.00 profit
2025-08-20 09:27:50 |     INFO | update_config_from_web: 360 | CONFIG_UPDATE: Configuration updated from web interface
2025-08-20 09:27:50 |    DEBUG |  performance_monitor: 510 | PERF_UPDATE: 0 trades, $0.00 profit
2025-08-20 09:28:20 |     INFO | update_config_from_web: 360 | CONFIG_UPDATE: Configuration updated from web interface
2025-08-20 09:28:20 |    DEBUG |  performance_monitor: 510 | PERF_UPDATE: 0 trades, $0.00 profit
2025-08-20 09:28:50 |     INFO | update_config_from_web: 360 | CONFIG_UPDATE: Configuration updated from web interface
2025-08-20 09:28:50 |    DEBUG |  performance_monitor: 510 | PERF_UPDATE: 0 trades, $0.00 profit
2025-08-20 09:29:20 |     INFO | update_config_from_web: 360 | CONFIG_UPDATE: Configuration updated from web interface
2025-08-20 09:29:20 |    DEBUG |  performance_monitor: 510 | PERF_UPDATE: 0 trades, $0.00 profit
2025-08-20 09:29:50 |     INFO | update_config_from_web: 360 | CONFIG_UPDATE: Configuration updated from web interface
2025-08-20 09:29:50 |    DEBUG |  performance_monitor: 510 | PERF_UPDATE: 0 trades, $0.00 profit
2025-08-20 09:30:20 |     INFO | update_config_from_web: 360 | CONFIG_UPDATE: Configuration updated from web interface
2025-08-20 09:30:20 |    DEBUG |  performance_monitor: 510 | PERF_UPDATE: 0 trades, $0.00 profit
2025-08-20 09:30:50 |     INFO | update_config_from_web: 360 | CONFIG_UPDATE: Configuration updated from web interface
2025-08-20 09:30:50 |    DEBUG |  performance_monitor: 510 | PERF_UPDATE: 0 trades, $0.00 profit
2025-08-20 09:31:20 |     INFO | update_config_from_web: 360 | CONFIG_UPDATE: Configuration updated from web interface
2025-08-20 09:31:20 |    DEBUG |  performance_monitor: 510 | PERF_UPDATE: 0 trades, $0.00 profit
2025-08-20 09:31:50 |     INFO | update_config_from_web: 360 | CONFIG_UPDATE: Configuration updated from web interface
2025-08-20 09:31:50 |    DEBUG |  performance_monitor: 510 | PERF_UPDATE: 0 trades, $0.00 profit
2025-08-20 09:32:20 |     INFO | update_config_from_web: 360 | CONFIG_UPDATE: Configuration updated from web interface
2025-08-20 09:32:20 |    DEBUG |  performance_monitor: 510 | PERF_UPDATE: 0 trades, $0.00 profit
2025-08-20 09:32:50 |     INFO | update_config_from_web: 360 | CONFIG_UPDATE: Configuration updated from web interface
2025-08-20 09:32:50 |    DEBUG |  performance_monitor: 510 | PERF_UPDATE: 0 trades, $0.00 profit
2025-08-20 09:33:20 |     INFO | update_config_from_web: 360 | CONFIG_UPDATE: Configuration updated from web interface
2025-08-20 09:33:20 |    DEBUG |  performance_monitor: 510 | PERF_UPDATE: 0 trades, $0.00 profit
2025-08-20 09:33:50 |     INFO | update_config_from_web: 360 | CONFIG_UPDATE: Configuration updated from web interface
2025-08-20 09:33:50 |    DEBUG |  performance_monitor: 510 | PERF_UPDATE: 0 trades, $0.00 profit
2025-08-20 09:34:20 |     INFO | update_config_from_web: 360 | CONFIG_UPDATE: Configuration updated from web interface
2025-08-20 09:34:20 |    DEBUG |  performance_monitor: 510 | PERF_UPDATE: 0 trades, $0.00 profit
2025-08-20 09:34:50 |     INFO | update_config_from_web: 360 | CONFIG_UPDATE: Configuration updated from web interface
2025-08-20 09:34:50 |    DEBUG |  performance_monitor: 510 | PERF_UPDATE: 0 trades, $0.00 profit
2025-08-20 09:35:20 |     INFO | update_config_from_web: 360 | CONFIG_UPDATE: Configuration updated from web interface
2025-08-20 09:35:20 |    DEBUG |  performance_monitor: 510 | PERF_UPDATE: 0 trades, $0.00 profit
2025-08-20 09:35:50 |     INFO | update_config_from_web: 360 | CONFIG_UPDATE: Configuration updated from web interface
2025-08-20 09:35:50 |    DEBUG |  performance_monitor: 510 | PERF_UPDATE: 0 trades, $0.00 profit
2025-08-20 09:36:20 |     INFO | update_config_from_web: 360 | CONFIG_UPDATE: Configuration updated from web interface
2025-08-20 09:36:20 |    DEBUG |  performance_monitor: 510 | PERF_UPDATE: 0 trades, $0.00 profit
2025-08-20 09:36:50 |     INFO | update_config_from_web: 360 | CONFIG_UPDATE: Configuration updated from web interface
2025-08-20 09:36:50 |    DEBUG |  performance_monitor: 510 | PERF_UPDATE: 0 trades, $0.00 profit
2025-08-20 09:37:20 |     INFO | update_config_from_web: 360 | CONFIG_UPDATE: Configuration updated from web interface
2025-08-20 09:37:20 |    DEBUG |  performance_monitor: 510 | PERF_UPDATE: 0 trades, $0.00 profit
2025-08-20 09:37:50 |     INFO | update_config_from_web: 360 | CONFIG_UPDATE: Configuration updated from web interface
2025-08-20 09:37:50 |    DEBUG |  performance_monitor: 510 | PERF_UPDATE: 0 trades, $0.00 profit
2025-08-20 09:38:20 |     INFO | update_config_from_web: 360 | CONFIG_UPDATE: Configuration updated from web interface
2025-08-20 09:38:20 |    DEBUG |  performance_monitor: 510 | PERF_UPDATE: 0 trades, $0.00 profit
2025-08-20 09:38:50 |     INFO | update_config_from_web: 360 | CONFIG_UPDATE: Configuration updated from web interface
2025-08-20 09:38:50 |    DEBUG |  performance_monitor: 510 | PERF_UPDATE: 0 trades, $0.00 profit
2025-08-20 09:39:20 |     INFO | update_config_from_web: 360 | CONFIG_UPDATE: Configuration updated from web interface
2025-08-20 09:39:20 |    DEBUG |  performance_monitor: 510 | PERF_UPDATE: 0 trades, $0.00 profit
2025-08-20 09:39:50 |     INFO | update_config_from_web: 360 | CONFIG_UPDATE: Configuration updated from web interface
2025-08-20 09:39:50 |    DEBUG |  performance_monitor: 510 | PERF_UPDATE: 0 trades, $0.00 profit
2025-08-20 09:40:20 |     INFO | update_config_from_web: 360 | CONFIG_UPDATE: Configuration updated from web interface
2025-08-20 09:40:20 |    DEBUG |  performance_monitor: 510 | PERF_UPDATE: 0 trades, $0.00 profit
2025-08-20 09:40:50 |     INFO | update_config_from_web: 360 | CONFIG_UPDATE: Configuration updated from web interface
2025-08-20 09:40:50 |    DEBUG |  performance_monitor: 510 | PERF_UPDATE: 0 trades, $0.00 profit
2025-08-20 09:41:20 |     INFO | update_config_from_web: 360 | CONFIG_UPDATE: Configuration updated from web interface
2025-08-20 09:41:20 |    DEBUG |  performance_monitor: 510 | PERF_UPDATE: 0 trades, $0.00 profit
2025-08-20 09:41:50 |     INFO | update_config_from_web: 360 | CONFIG_UPDATE: Configuration updated from web interface
2025-08-20 09:41:50 |    DEBUG |  performance_monitor: 510 | PERF_UPDATE: 0 trades, $0.00 profit
2025-08-20 09:42:20 |     INFO | update_config_from_web: 360 | CONFIG_UPDATE: Configuration updated from web interface
2025-08-20 09:42:20 |    DEBUG |  performance_monitor: 510 | PERF_UPDATE: 0 trades, $0.00 profit
2025-08-20 09:42:50 |     INFO | update_config_from_web: 360 | CONFIG_UPDATE: Configuration updated from web interface
2025-08-20 09:42:50 |    DEBUG |  performance_monitor: 510 | PERF_UPDATE: 0 trades, $0.00 profit
2025-08-20 09:43:20 |     INFO | update_config_from_web: 360 | CONFIG_UPDATE: Configuration updated from web interface
2025-08-20 09:43:20 |    DEBUG |  performance_monitor: 510 | PERF_UPDATE: 0 trades, $0.00 profit
2025-08-20 09:43:50 |     INFO | update_config_from_web: 360 | CONFIG_UPDATE: Configuration updated from web interface
2025-08-20 09:43:50 |    DEBUG |  performance_monitor: 510 | PERF_UPDATE: 0 trades, $0.00 profit
2025-08-20 09:44:20 |     INFO | update_config_from_web: 360 | CONFIG_UPDATE: Configuration updated from web interface
2025-08-20 09:44:20 |    DEBUG |  performance_monitor: 510 | PERF_UPDATE: 0 trades, $0.00 profit
2025-08-20 09:44:50 |     INFO | update_config_from_web: 360 | CONFIG_UPDATE: Configuration updated from web interface
2025-08-20 09:44:50 |    DEBUG |  performance_monitor: 510 | PERF_UPDATE: 0 trades, $0.00 profit
2025-08-20 09:45:20 |     INFO | update_config_from_web: 360 | CONFIG_UPDATE: Configuration updated from web interface
2025-08-20 09:45:20 |    DEBUG |  performance_monitor: 510 | PERF_UPDATE: 0 trades, $0.00 profit
2025-08-20 09:45:50 |     INFO | update_config_from_web: 360 | CONFIG_UPDATE: Configuration updated from web interface
2025-08-20 09:45:50 |    DEBUG |  performance_monitor: 510 | PERF_UPDATE: 0 trades, $0.00 profit
2025-08-20 09:46:20 |     INFO | update_config_from_web: 360 | CONFIG_UPDATE: Configuration updated from web interface
2025-08-20 09:46:20 |    DEBUG |  performance_monitor: 510 | PERF_UPDATE: 0 trades, $0.00 profit
2025-08-20 09:46:50 |     INFO | update_config_from_web: 360 | CONFIG_UPDATE: Configuration updated from web interface
2025-08-20 09:46:50 |    DEBUG |  performance_monitor: 510 | PERF_UPDATE: 0 trades, $0.00 profit
2025-08-20 09:47:20 |     INFO | update_config_from_web: 360 | CONFIG_UPDATE: Configuration updated from web interface
2025-08-20 09:47:20 |    DEBUG |  performance_monitor: 510 | PERF_UPDATE: 0 trades, $0.00 profit
2025-08-20 09:47:50 |     INFO | update_config_from_web: 360 | CONFIG_UPDATE: Configuration updated from web interface
2025-08-20 09:47:50 |    DEBUG |  performance_monitor: 510 | PERF_UPDATE: 0 trades, $0.00 profit
2025-08-20 09:48:20 |     INFO | update_config_from_web: 360 | CONFIG_UPDATE: Configuration updated from web interface
2025-08-20 09:48:20 |    DEBUG |  performance_monitor: 510 | PERF_UPDATE: 0 trades, $0.00 profit
2025-08-20 09:48:50 |     INFO | update_config_from_web: 360 | CONFIG_UPDATE: Configuration updated from web interface
2025-08-20 09:48:50 |    DEBUG |  performance_monitor: 510 | PERF_UPDATE: 0 trades, $0.00 profit
2025-08-20 09:49:20 |     INFO | update_config_from_web: 360 | CONFIG_UPDATE: Configuration updated from web interface
2025-08-20 09:49:20 |    DEBUG |  performance_monitor: 510 | PERF_UPDATE: 0 trades, $0.00 profit
2025-08-20 09:49:50 |     INFO | update_config_from_web: 360 | CONFIG_UPDATE: Configuration updated from web interface
2025-08-20 09:49:50 |    DEBUG |  performance_monitor: 510 | PERF_UPDATE: 0 trades, $0.00 profit
2025-08-20 09:50:20 |     INFO | update_config_from_web: 360 | CONFIG_UPDATE: Configuration updated from web interface
2025-08-20 09:50:20 |    DEBUG |  performance_monitor: 510 | PERF_UPDATE: 0 trades, $0.00 profit
2025-08-20 09:50:50 |     INFO | update_config_from_web: 360 | CONFIG_UPDATE: Configuration updated from web interface
2025-08-20 09:50:50 |    DEBUG |  performance_monitor: 510 | PERF_UPDATE: 0 trades, $0.00 profit
2025-08-20 09:51:20 |     INFO | update_config_from_web: 360 | CONFIG_UPDATE: Configuration updated from web interface
2025-08-20 09:51:20 |    DEBUG |  performance_monitor: 510 | PERF_UPDATE: 0 trades, $0.00 profit
2025-08-20 09:51:50 |     INFO | update_config_from_web: 360 | CONFIG_UPDATE: Configuration updated from web interface
2025-08-20 09:51:50 |    DEBUG |  performance_monitor: 510 | PERF_UPDATE: 0 trades, $0.00 profit
2025-08-20 09:52:20 |     INFO | update_config_from_web: 360 | CONFIG_UPDATE: Configuration updated from web interface
2025-08-20 09:52:20 |    DEBUG |  performance_monitor: 510 | PERF_UPDATE: 0 trades, $0.00 profit
2025-08-20 09:52:50 |     INFO | update_config_from_web: 360 | CONFIG_UPDATE: Configuration updated from web interface
2025-08-20 09:52:50 |    DEBUG |  performance_monitor: 510 | PERF_UPDATE: 0 trades, $0.00 profit
2025-08-20 09:53:20 |     INFO | update_config_from_web: 360 | CONFIG_UPDATE: Configuration updated from web interface
2025-08-20 09:53:20 |    DEBUG |  performance_monitor: 510 | PERF_UPDATE: 0 trades, $0.00 profit
2025-08-20 09:53:50 |     INFO | update_config_from_web: 360 | CONFIG_UPDATE: Configuration updated from web interface
2025-08-20 09:53:50 |    DEBUG |  performance_monitor: 510 | PERF_UPDATE: 0 trades, $0.00 profit
2025-08-20 09:54:20 |     INFO | update_config_from_web: 360 | CONFIG_UPDATE: Configuration updated from web interface
2025-08-20 09:54:20 |    DEBUG |  performance_monitor: 510 | PERF_UPDATE: 0 trades, $0.00 profit
2025-08-20 09:54:50 |     INFO | update_config_from_web: 360 | CONFIG_UPDATE: Configuration updated from web interface
2025-08-20 09:54:50 |    DEBUG |  performance_monitor: 510 | PERF_UPDATE: 0 trades, $0.00 profit
2025-08-20 09:55:20 |     INFO | update_config_from_web: 360 | CONFIG_UPDATE: Configuration updated from web interface
2025-08-20 09:55:20 |    DEBUG |  performance_monitor: 510 | PERF_UPDATE: 0 trades, $0.00 profit
2025-08-20 09:55:50 |     INFO | update_config_from_web: 360 | CONFIG_UPDATE: Configuration updated from web interface
2025-08-20 09:55:50 |    DEBUG |  performance_monitor: 510 | PERF_UPDATE: 0 trades, $0.00 profit
2025-08-20 09:56:20 |     INFO | update_config_from_web: 360 | CONFIG_UPDATE: Configuration updated from web interface
2025-08-20 09:56:20 |    DEBUG |  performance_monitor: 510 | PERF_UPDATE: 0 trades, $0.00 profit
2025-08-20 09:56:50 |     INFO | update_config_from_web: 360 | CONFIG_UPDATE: Configuration updated from web interface
2025-08-20 09:56:50 |    DEBUG |  performance_monitor: 510 | PERF_UPDATE: 0 trades, $0.00 profit
2025-08-20 09:56:51 |     INFO |     run_scalping_bot: 540 | BOT_SHUTDOWN: Stopped by user
2025-08-20 09:56:51 |     INFO |       disconnect_mt5: 477 | MT5_DISCONNECTED: Bot shutdown
2025-08-20 10:11:27 |    ERROR |     _connect_polling: 180 | requests package is not installed -- cannot send HTTP requests!
2025-08-20 10:11:32 |    DEBUG |    _setup_web_socket: 116 | WebSocket connection failed (web interface may not be running): One or more namespaces failed to connect
2025-08-20 10:11:32 |     INFO | send_terminal_message: 148 | TERMINAL_SUCCESS: Enhanced Gold Scalper Bot initializing...
2025-08-20 10:11:32 |     INFO |             __init__: 339 | SYSTEM_STARTUP: Enhanced Gold Scalper Bot initialized
2025-08-20 10:11:32 |     INFO | send_terminal_message: 148 | TERMINAL_SUCCESS: Starting Enhanced Gold Scalper Bot main loop
2025-08-20 10:11:32 |     INFO |     run_scalping_bot: 755 | BOT_STARTUP: Starting enhanced scalping bot
2025-08-20 10:11:32 |     INFO | send_terminal_message: 148 | TERMINAL_INFO: Attempting to connect to MT5 at C:\Program Files\MetaTrader 5\terminal64.exe
2025-08-20 10:11:32 |     INFO | send_terminal_message: 148 | TERMINAL_SUCCESS: MT5 connected successfully in 0.015s
2025-08-20 10:11:32 |     INFO |          connect_mt5: 528 | MT5_CONNECTION_SUCCESS: Connected in 0.015s
2025-08-20 10:11:32 |     INFO | send_terminal_message: 148 | TERMINAL_INFO: Configuration updated from web interface
2025-08-20 10:11:32 |     INFO | send_terminal_message: 148 | TERMINAL_SUCCESS: Account 10007320362 connected | Balance: $3000.00
2025-08-20 10:11:32 |     INFO |          connect_mt5: 539 | MT5_ACCOUNT_INFO: Account 10007320362, Balance: $3000.00, Equity: $3000.00
2025-08-20 10:11:32 |     INFO | send_terminal_message: 148 | TERMINAL_SUCCESS: Symbol XAUUSD configured successfully
2025-08-20 10:11:32 |     INFO | send_terminal_message: 148 | TERMINAL_INFO: Point value: 0.01, Min stop level: 0 pts
2025-08-20 10:11:32 |     INFO | send_terminal_message: 148 | TERMINAL_INFO: M5 MA initialized: 3335.35050, Trend: UP
2025-08-20 10:11:32 |     INFO | send_terminal_message: 148 | TERMINAL_SUCCESS: Bot fully operational - monitoring XAUUSD on 5s timeframe
2025-08-20 10:11:32 |     INFO |     run_scalping_bot: 824 | Starting XAUUSD scalping bot on 5-second timeframe...
2025-08-20 10:11:32 |     INFO | send_terminal_message: 148 | TERMINAL_INFO: Initial tick fetch: requesting 30 minutes of history
2025-08-20 10:11:33 |     INFO | send_terminal_message: 148 | TERMINAL_DEBUG: Processed 5015 ticks → 1565 new 5s bars
2025-08-20 10:11:33 |     INFO | send_terminal_message: 148 | TERMINAL_INFO: Market: Bid 3351.48000 | Ask 3351.65000 | Spread 17.0pts | RSI 45.7 | Stoch %K 23.8 | Positions 0
2025-08-20 10:11:33 |     INFO | send_terminal_message: 148 | TERMINAL_ERROR: Unexpected error in main loop: '>' not supported between instances of 'float' and 'str'
2025-08-20 10:11:33 |    ERROR |     run_scalping_bot:1022 | Unexpected error in main loop: '>' not supported between instances of 'float' and 'str'
2025-08-20 10:11:33 |     INFO | send_terminal_message: 148 | TERMINAL_WARNING: MT5 connection closed - bot shutdown
2025-08-20 10:11:33 |     INFO |       disconnect_mt5: 546 | MT5_DISCONNECTED: Bot shutdown
2025-08-20 10:12:02 |     INFO | send_terminal_message: 148 | TERMINAL_INFO: Configuration updated from web interface
2025-08-20 10:12:32 |     INFO | send_terminal_message: 148 | TERMINAL_INFO: Configuration updated from web interface
2025-08-20 10:13:02 |     INFO | send_terminal_message: 148 | TERMINAL_INFO: Configuration updated from web interface
2025-08-20 10:13:32 |     INFO | send_terminal_message: 148 | TERMINAL_INFO: Configuration updated from web interface
2025-08-20 10:14:02 |     INFO | send_terminal_message: 148 | TERMINAL_INFO: Configuration updated from web interface
2025-08-20 10:14:32 |     INFO | send_terminal_message: 148 | TERMINAL_INFO: Configuration updated from web interface
2025-08-20 10:15:02 |     INFO | send_terminal_message: 148 | TERMINAL_INFO: Configuration updated from web interface
2025-08-20 10:15:32 |     INFO | send_terminal_message: 148 | TERMINAL_INFO: Configuration updated from web interface
2025-08-20 10:16:02 |     INFO | send_terminal_message: 148 | TERMINAL_INFO: Configuration updated from web interface
2025-08-20 10:16:32 |     INFO | send_terminal_message: 148 | TERMINAL_INFO: Configuration updated from web interface
2025-08-20 10:17:02 |     INFO | send_terminal_message: 148 | TERMINAL_INFO: Configuration updated from web interface
2025-08-20 10:17:32 |     INFO | send_terminal_message: 148 | TERMINAL_INFO: Configuration updated from web interface
2025-08-20 10:18:02 |     INFO | send_terminal_message: 148 | TERMINAL_INFO: Configuration updated from web interface
2025-08-20 10:18:32 |     INFO | send_terminal_message: 148 | TERMINAL_INFO: Configuration updated from web interface
2025-08-20 10:19:02 |     INFO | send_terminal_message: 148 | TERMINAL_INFO: Configuration updated from web interface
2025-08-20 10:19:32 |     INFO | send_terminal_message: 148 | TERMINAL_INFO: Configuration updated from web interface
2025-08-20 10:20:02 |     INFO | send_terminal_message: 148 | TERMINAL_INFO: Configuration updated from web interface
2025-08-20 10:20:32 |     INFO | send_terminal_message: 148 | TERMINAL_INFO: Configuration updated from web interface
2025-08-20 10:21:02 |     INFO | send_terminal_message: 148 | TERMINAL_INFO: Configuration updated from web interface
2025-08-20 10:21:32 |     INFO | send_terminal_message: 148 | TERMINAL_INFO: Configuration updated from web interface
2025-08-20 10:22:02 |     INFO | send_terminal_message: 148 | TERMINAL_INFO: Configuration updated from web interface
2025-08-20 10:22:32 |     INFO | send_terminal_message: 148 | TERMINAL_INFO: Configuration updated from web interface
2025-08-20 10:23:03 |     INFO | send_terminal_message: 148 | TERMINAL_INFO: Configuration updated from web interface
